<?xml version="1.0" encoding="UTF-8"?>
<!-- Generated by org.testng.reporters.JUnitReportReporter -->
<testsuite skipped="0" hostname="SARAVANANR" name="com.youtube.org.E2E_FRAMEWORK_YOUTUBE.MainTCEcommerce" tests="1" failures="0" timestamp="2020-07-31T22:44:00 IST" time="76.980" errors="0">
  <testcase name="TC001" time="76.980" classname="com.youtube.org.E2E_FRAMEWORK_YOUTUBE.MainTCEcommerce"/>
  <system-out/>
</testsuite> <!-- com.youtube.org.E2E_FRAMEWORK_YOUTUBE.MainTCEcommerce -->
