<?xml version="1.0" encoding="UTF-8"?>
<!-- Generated by org.testng.reporters.JUnitReportReporter -->
<testsuite skipped="0" hostname="SARAVANANR" name="com.youtube.org.E2E_FRAMEWORK_YOUTUBE.MainTC" tests="1" failures="0" timestamp="2020-07-31T01:49:41 IST" time="40.636" errors="0">
  <testcase name="TC001" time="40.636" classname="com.youtube.org.E2E_FRAMEWORK_YOUTUBE.MainTC"/>
  <system-out/>
</testsuite> <!-- com.youtube.org.E2E_FRAMEWORK_YOUTUBE.MainTC -->
