<?xml version="1.0" encoding="UTF-8"?>
<!-- Generated by org.testng.reporters.JUnitReportReporter -->
<testsuite skipped="0" hostname="SARAVANANR" name="com.youtube.org.E2E_FRAMEWORK_YOUTUBE.MainTCEcommerce" tests="1" failures="0" timestamp="2020-08-01T00:45:27 IST" time="85.113" errors="0">
  <testcase name="TC001" time="85.113" classname="com.youtube.org.E2E_FRAMEWORK_YOUTUBE.MainTCEcommerce"/>
  <system-out/>
</testsuite> <!-- com.youtube.org.E2E_FRAMEWORK_YOUTUBE.MainTCEcommerce -->
